[2026-01-09T07:49:57.992Z] [LOG] [classes] [ClassesModule] Class created
  Data: {
    "classId": 9,
    "name": "Blockchain",
    "classCode": "AIZESW",
    "teacherId": 27
  }
[2026-01-09T07:55:45.744Z] [LOG] [classes] [ClassesModule] Class created
  Data: {
    "classId": 10,
    "name": "English B1.4",
    "classCode": "YJFXQ0",
    "teacherId": 27
  }
[2026-01-09T07:55:49.075Z] [LOG] [classes] [ClassesModule] Class created
  Data: {
    "classId": 11,
    "name": "English B1.4",
    "classCode": "VNBT81",
    "teacherId": 27
  }
[2026-01-09T07:55:51.596Z] [LOG] [classes] [ClassesModule] Class created
  Data: {
    "classId": 12,
    "name": "English B1.4",
    "classCode": "YLMMC2",
    "teacherId": 27
  }
[2026-01-09T07:55:51.749Z] [LOG] [classes] [ClassesModule] Class created
  Data: {
    "classId": 13,
    "name": "English B1.4",
    "classCode": "CCSKPN",
    "teacherId": 27
  }
[2026-01-09T07:55:51.909Z] [LOG] [classes] [ClassesModule] Class created
  Data: {
    "classId": 14,
    "name": "English B1.4",
    "classCode": "W2JPG0",
    "teacherId": 27
  }
[2026-01-09T07:55:52.044Z] [LOG] [classes] [ClassesModule] Class created
  Data: {
    "classId": 15,
    "name": "English B1.4",
    "classCode": "QGDY5R",
    "teacherId": 27
  }
[2026-01-09T07:55:52.178Z] [LOG] [classes] [ClassesModule] Class created
  Data: {
    "classId": 16,
    "name": "English B1.4",
    "classCode": "98LB0B",
    "teacherId": 27
  }
