[2026-01-03T03:52:51.291Z] [LOG] [classes] [ClassesModule] Class created
  Data: {
    "classId": 26,
    "name": "Chat Test Class 2009178237",
    "classCode": "NFSEYG",
    "teacherId": 9
  }
[2026-01-03T03:53:46.825Z] [LOG] [classes] [ClassesModule] Class created
  Data: {
    "classId": 27,
    "name": "Chat Test Class 2098927144",
    "classCode": "Q1O7OE",
    "teacherId": 9
  }
[2026-01-03T03:53:54.235Z] [LOG] [classes] [ClassesModule] Class created
  Data: {
    "classId": 28,
    "name": "Session Test Class 429479904",
    "classCode": "LQCP0Y",
    "teacherId": 9
  }
[2026-01-03T03:53:54.331Z] [LOG] [classes] [ClassesModule] Class created
  Data: {
    "classId": 29,
    "name": "Other Class",
    "classCode": "L19JCN",
    "teacherId": 9
  }
[2026-01-03T03:57:51.721Z] [LOG] [classes] [ClassesModule] Class created
  Data: {
    "classId": 30,
    "name": "Session Test Class 597444070",
    "classCode": "6YFERM",
    "teacherId": 9
  }
[2026-01-03T03:57:51.828Z] [LOG] [classes] [ClassesModule] Class created
  Data: {
    "classId": 31,
    "name": "Other Class",
    "classCode": "9VL8UE",
    "teacherId": 9
  }
[2026-01-03T03:59:22.440Z] [LOG] [classes] [ClassesModule] Class created
  Data: {
    "classId": 32,
    "name": "Session Test Class 1943277327",
    "classCode": "MJRJCA",
    "teacherId": 9
  }
[2026-01-03T03:59:22.695Z] [LOG] [classes] [ClassesModule] Class created
  Data: {
    "classId": 33,
    "name": "Other Class",
    "classCode": "244919",
    "teacherId": 9
  }
[2026-01-03T04:01:51.103Z] [LOG] [classes] [ClassesModule] Class created
  Data: {
    "classId": 34,
    "name": "Chat Test Class 1602419858",
    "classCode": "ZBDXWA",
    "teacherId": 9
  }
