[2026-01-07T08:15:17.990Z] [WARN] [auth] [AuthModule] Login failed - wrong password
  Data: {
    "email": "lehuynhhuyhoang05@gmail.com",
    "userId": 26
  }
[2026-01-07T08:16:36.362Z] [WARN] [auth] [AuthModule] Login failed - wrong password
  Data: {
    "email": "lehuynhhuyhoang05@gmail.com",
    "userId": 26
  }
[2026-01-07T08:17:54.609Z] [WARN] [auth] [AuthModule] Login failed - wrong password
  Data: {
    "email": "lehuynhhuyhoang05@gmail.com",
    "userId": 26
  }
[2026-01-07T08:18:49.882Z] [WARN] [auth] [AuthModule] Login failed - wrong password
  Data: {
    "email": "lehuynhhuyhoang05@gmail.com",
    "userId": 26
  }
[2026-01-07T08:18:54.010Z] [WARN] [auth] [AuthModule] Login failed - wrong password
  Data: {
    "email": "lehuynhhuyhoang05@gmail.com",
    "userId": 26
  }
