[2026-01-07T08:15:01.805Z] [LOG] [auth] [AuthModule] User registered
  Data: {
    "userId": 26,
    "email": "lehuynhhuyhoang05@gmail.com",
    "role": "STUDENT",
    "ipAddress": "::1"
  }
[2026-01-07T08:19:26.179Z] [LOG] [auth] [AuthModule] User logged in
  Data: {
    "userId": 26,
    "email": "lehuynhhuyhoang05@gmail.com",
    "ipAddress": "::1"
  }
[2026-01-07T08:44:40.103Z] [LOG] [auth] [AuthModule] User registered
  Data: {
    "userId": 27,
    "email": "hoanglhh0026@ut.edu.vn",
    "role": "TEACHER",
    "ipAddress": "::1"
  }
[2026-01-07T08:57:00.752Z] [LOG] [auth] [AuthModule] User logged in
  Data: {
    "userId": 26,
    "email": "lehuynhhuyhoang05@gmail.com",
    "ipAddress": "::1"
  }
