[2026-01-09T07:25:43.479Z] [LOG] [auth] [AuthModule] User registered
  Data: {
    "userId": 28,
    "email": "huyhoang24@gmai.com",
    "role": "STUDENT",
    "ipAddress": "::1"
  }
[2026-01-09T07:33:52.989Z] [LOG] [auth] [AuthModule] User logged in
  Data: {
    "userId": 28,
    "email": "huyhoang24@gmail.com",
    "ipAddress": "::1"
  }
[2026-01-09T07:35:33.385Z] [WARN] [auth] [AuthModule] Login failed - wrong password
  Data: {
    "email": "hoanglhh0026@ut.edu.vn",
    "userId": 27
  }
[2026-01-09T07:35:46.733Z] [LOG] [auth] [AuthModule] User logged in
  Data: {
    "userId": 28,
    "email": "huyhoang24@gmail.com",
    "ipAddress": "::1"
  }
[2026-01-09T07:36:38.752Z] [LOG] [auth] [AuthModule] User logged in
  Data: {
    "userId": 27,
    "email": "hoanglhh0026@ut.edu.vn",
    "ipAddress": "::1"
  }
[2026-01-09T07:49:28.372Z] [LOG] [auth] [AuthModule] User logged in
  Data: {
    "userId": 27,
    "email": "hoanglhh0026@ut.edu.vn",
    "ipAddress": "::1"
  }
[2026-01-09T07:49:57.992Z] [LOG] [classes] [ClassesModule] Class created
  Data: {
    "classId": 9,
    "name": "Blockchain",
    "classCode": "AIZESW",
    "teacherId": 27
  }
[2026-01-09T07:53:23.606Z] [LOG] [auth] [AuthModule] User logged in
  Data: {
    "userId": 28,
    "email": "huyhoang24@gmail.com",
    "ipAddress": "::1"
  }
[2026-01-09T07:55:45.744Z] [LOG] [classes] [ClassesModule] Class created
  Data: {
    "classId": 10,
    "name": "English B1.4",
    "classCode": "YJFXQ0",
    "teacherId": 27
  }
[2026-01-09T07:55:49.075Z] [LOG] [classes] [ClassesModule] Class created
  Data: {
    "classId": 11,
    "name": "English B1.4",
    "classCode": "VNBT81",
    "teacherId": 27
  }
[2026-01-09T07:55:51.596Z] [LOG] [classes] [ClassesModule] Class created
  Data: {
    "classId": 12,
    "name": "English B1.4",
    "classCode": "YLMMC2",
    "teacherId": 27
  }
[2026-01-09T07:55:51.749Z] [LOG] [classes] [ClassesModule] Class created
  Data: {
    "classId": 13,
    "name": "English B1.4",
    "classCode": "CCSKPN",
    "teacherId": 27
  }
[2026-01-09T07:55:51.909Z] [LOG] [classes] [ClassesModule] Class created
  Data: {
    "classId": 14,
    "name": "English B1.4",
    "classCode": "W2JPG0",
    "teacherId": 27
  }
[2026-01-09T07:55:52.044Z] [LOG] [classes] [ClassesModule] Class created
  Data: {
    "classId": 15,
    "name": "English B1.4",
    "classCode": "QGDY5R",
    "teacherId": 27
  }
[2026-01-09T07:55:52.178Z] [LOG] [classes] [ClassesModule] Class created
  Data: {
    "classId": 16,
    "name": "English B1.4",
    "classCode": "98LB0B",
    "teacherId": 27
  }
[2026-01-09T07:56:26.956Z] [LOG] [live-sessions] [LiveSessionsModule] Session created
  Data: {
    "sessionId": 38,
    "roomId": "64e16e53-a242-49b8-bf3f-a4daac754a9d",
    "classId": 16,
    "hostId": 27,
    "title": "Buổi học - 9/1/2026"
  }
[2026-01-09T08:06:07.805Z] [LOG] [auth] [AuthModule] User logged in
  Data: {
    "userId": 27,
    "email": "hoanglhh0026@ut.edu.vn",
    "ipAddress": "::1"
  }
[2026-01-09T08:13:28.192Z] [LOG] [auth] [AuthModule] User logged in
  Data: {
    "userId": 27,
    "email": "hoanglhh0026@ut.edu.vn",
    "ipAddress": "::1"
  }
[2026-01-09T08:14:19.663Z] [LOG] [auth] [AuthModule] User logged in
  Data: {
    "userId": 28,
    "email": "huyhoang24@gmail.com",
    "ipAddress": "::1"
  }
[2026-01-09T08:31:24.692Z] [LOG] [auth] [AuthModule] User logged in
  Data: {
    "userId": 28,
    "email": "huyhoang24@gmail.com",
    "ipAddress": "::1"
  }
[2026-01-09T08:39:30.632Z] [LOG] [auth] [AuthModule] User logged in
  Data: {
    "userId": 28,
    "email": "huyhoang24@gmail.com",
    "ipAddress": "::1"
  }
[2026-01-09T08:39:51.828Z] [LOG] [auth] [AuthModule] User logged in
  Data: {
    "userId": 27,
    "email": "hoanglhh0026@ut.edu.vn",
    "ipAddress": "::1"
  }
[2026-01-09T08:40:59.754Z] [LOG] [auth] [AuthModule] User logged in
  Data: {
    "userId": 28,
    "email": "huyhoang24@gmail.com",
    "ipAddress": "::1"
  }
[2026-01-09T08:43:05.461Z] [LOG] [auth] [AuthModule] User logged in
  Data: {
    "userId": 26,
    "email": "lehuynhhuyhoang05@gmail.com",
    "ipAddress": "::1"
  }
[2026-01-09T08:46:08.797Z] [LOG] [auth] [AuthModule] User logged in
  Data: {
    "userId": 26,
    "email": "lehuynhhuyhoang05@gmail.com",
    "ipAddress": "::1"
  }
[2026-01-09T08:50:59.820Z] [LOG] [auth] [AuthModule] User logged in
  Data: {
    "userId": 26,
    "email": "lehuynhhuyhoang05@gmail.com",
    "ipAddress": "::1"
  }
[2026-01-09T08:55:23.991Z] [LOG] [auth] [AuthModule] User logged in
  Data: {
    "userId": 26,
    "email": "lehuynhhuyhoang05@gmail.com",
    "ipAddress": "::1"
  }
[2026-01-09T09:00:35.879Z] [LOG] [auth] [AuthModule] User logged in
  Data: {
    "userId": 26,
    "email": "lehuynhhuyhoang05@gmail.com",
    "ipAddress": "::1"
  }
[2026-01-09T09:26:33.060Z] [LOG] [live-sessions] [LiveSessionsModule] Session created
  Data: {
    "sessionId": 39,
    "roomId": "25a6c753-bcb9-4989-ac0c-a3e263a1723f",
    "classId": 10,
    "hostId": 27,
    "title": "Buổi học - 9/1/2026"
  }
[2026-01-09T09:26:46.000Z] [LOG] [live-sessions] [LiveSessionsModule] Session created
  Data: {
    "sessionId": 40,
    "roomId": "0fb10619-61fc-4c85-8008-28ffe36e7353",
    "classId": 10,
    "hostId": 27,
    "title": "Buổi học - 9/1/2026"
  }
[2026-01-09T09:31:23.461Z] [LOG] [live-sessions] [LiveSessionsModule] Session created
  Data: {
    "sessionId": 41,
    "roomId": "2606bbf8-6887-473c-b8f5-b6f3a99f0395",
    "classId": 10,
    "hostId": 27,
    "title": "Buổi học - 9/1/2026"
  }
[2026-01-09T09:35:56.993Z] [LOG] [auth] [AuthModule] User logged in
  Data: {
    "userId": 27,
    "email": "hoanglhh0026@ut.edu.vn",
    "ipAddress": "::1"
  }
[2026-01-09T09:36:24.282Z] [LOG] [live-sessions] [LiveSessionsModule] Session created
  Data: {
    "sessionId": 42,
    "roomId": "a82d099b-7f16-4055-b0b2-fb8ac1f836c9",
    "classId": 10,
    "hostId": 27,
    "title": "Buổi học - 9/1/2026"
  }
[2026-01-09T09:54:45.197Z] [LOG] [whiteboard] [WhiteboardModule] Whiteboard state loaded
  Data: {
    "roomId": "session-42",
    "strokeCount": 0,
    "userId": 27
  }
[2026-01-09T09:54:45.203Z] [LOG] [whiteboard] [WhiteboardModule] User joined whiteboard room
  Data: {
    "roomId": "session-42",
    "userId": 27
  }
[2026-01-09T09:54:45.889Z] [LOG] [whiteboard] [WhiteboardModule] startStroke
  Data: {
    "strokeId": "fkic2s774kmk6p9gqn",
    "roomId": "session-42",
    "userId": 27,
    "tool": "pen"
  }
[2026-01-09T09:54:46.712Z] [LOG] [whiteboard] [WhiteboardModule] Stroke saved
  Data: {
    "strokeId": "fkic2s774kmk6p9gqn",
    "points": 95
  }
[2026-01-09T09:55:01.183Z] [LOG] [live-sessions] [LiveSessionsModule] Session created
  Data: {
    "sessionId": 43,
    "roomId": "4c9df71d-a3a7-46ff-b98b-08756fa020c1",
    "classId": 10,
    "hostId": 27,
    "title": "Buổi học - 9/1/2026"
  }
[2026-01-09T09:55:06.465Z] [LOG] [live-sessions] [LiveSessionsModule] Session created
  Data: {
    "sessionId": 44,
    "roomId": "ce9ce292-9a6b-403e-9000-161a33e2b74e",
    "classId": 10,
    "hostId": 27,
    "title": "Buổi học - 9/1/2026"
  }
[2026-01-09T09:55:19.565Z] [LOG] [live-sessions] [LiveSessionsModule] Session created
  Data: {
    "sessionId": 45,
    "roomId": "f3590ff3-bc9d-40bc-ab04-2d6fecbd658f",
    "classId": 9,
    "hostId": 27,
    "title": "Buổi học - 9/1/2026"
  }
[2026-01-09T09:55:26.939Z] [LOG] [live-sessions] [LiveSessionsModule] Session created
  Data: {
    "sessionId": 46,
    "roomId": "580431af-38a9-4080-a930-ab5ff56a2909",
    "classId": 10,
    "hostId": 27,
    "title": "Buổi học - 9/1/2026"
  }
[2026-01-09T09:58:38.691Z] [LOG] [live-sessions] [LiveSessionsModule] Session created
  Data: {
    "sessionId": 47,
    "roomId": "5ca9a3b3-ec7e-4e7f-869d-05a58ff9f94c",
    "classId": 10,
    "hostId": 27,
    "title": "Buổi học - 9/1/2026"
  }
[2026-01-09T09:59:37.091Z] [LOG] [live-sessions] [LiveSessionsModule] Session created
  Data: {
    "sessionId": 48,
    "roomId": "86df4747-2575-43f0-a068-904be470c48f",
    "classId": 10,
    "hostId": 27,
    "title": "Buổi học - 9/1/2026"
  }
[2026-01-09T09:59:46.230Z] [LOG] [whiteboard] [WhiteboardModule] Whiteboard state loaded
  Data: {
    "roomId": "session-48",
    "strokeCount": 0,
    "userId": 27
  }
[2026-01-09T09:59:46.236Z] [LOG] [whiteboard] [WhiteboardModule] User joined whiteboard room
  Data: {
    "roomId": "session-48",
    "userId": 27
  }
[2026-01-09T10:03:15.940Z] [LOG] [live-sessions] [LiveSessionsModule] Session created
  Data: {
    "sessionId": 49,
    "roomId": "3fc9130e-da03-4ac7-8d1f-0cd03875fa58",
    "classId": 10,
    "hostId": 27,
    "title": "Buổi học - 9/1/2026"
  }
[2026-01-09T10:03:29.352Z] [LOG] [live-sessions] [LiveSessionsModule] Session created
  Data: {
    "sessionId": 50,
    "roomId": "010dad24-492c-4e09-ad7a-50191e7bbebf",
    "classId": 10,
    "hostId": 27,
    "title": "Buổi học - 9/1/2026"
  }
[2026-01-09T10:04:10.775Z] [LOG] [live-sessions] [LiveSessionsModule] Session created
  Data: {
    "sessionId": 51,
    "roomId": "3cf1cea2-a242-4175-827b-e9066b405551",
    "classId": 10,
    "hostId": 27,
    "title": "Buổi học - 9/1/2026"
  }
[2026-01-09T10:09:00.904Z] [LOG] [live-sessions] [LiveSessionsModule] Session created
  Data: {
    "sessionId": 52,
    "roomId": "10b4644e-92f9-43e7-8092-ffbc4d1088c9",
    "classId": 10,
    "hostId": 27,
    "title": "Buổi học - 9/1/2026"
  }
[2026-01-09T10:14:50.659Z] [LOG] [live-sessions] [LiveSessionsModule] Session created
  Data: {
    "sessionId": 53,
    "roomId": "050e5cfe-eace-443b-94d4-f5dca7127b83",
    "classId": 10,
    "hostId": 27,
    "title": "Buổi học - 9/1/2026"
  }
[2026-01-09T10:33:35.144Z] [LOG] [live-sessions] [LiveSessionsModule] Session created
  Data: {
    "sessionId": 54,
    "roomId": "04e406c0-3213-49b0-83c6-9a0fff685199",
    "classId": 10,
    "hostId": 27,
    "title": "Buổi học - 9/1/2026"
  }
[2026-01-09T10:37:29.813Z] [LOG] [whiteboard] [WhiteboardModule] Whiteboard state loaded
  Data: {
    "roomId": "session-53",
    "strokeCount": 0,
    "userId": 26
  }
[2026-01-09T10:37:29.828Z] [LOG] [whiteboard] [WhiteboardModule] User joined whiteboard room
  Data: {
    "roomId": "session-53",
    "userId": 26
  }
[2026-01-09T10:45:59.703Z] [LOG] [live-sessions] [LiveSessionsModule] Session created
  Data: {
    "sessionId": 55,
    "roomId": "b79aa7aa-72b4-447c-812d-48045d118e97",
    "classId": 10,
    "hostId": 27,
    "title": "Buổi học - 9/1/2026"
  }
[2026-01-09T10:46:10.663Z] [LOG] [live-sessions] [LiveSessionsModule] Session created
  Data: {
    "sessionId": 56,
    "roomId": "94168e78-ef6b-4607-9293-8103041ab22e",
    "classId": 10,
    "hostId": 27,
    "title": "Buổi học - 9/1/2026"
  }
[2026-01-09T10:46:31.370Z] [LOG] [live-sessions] [LiveSessionsModule] Session created
  Data: {
    "sessionId": 57,
    "roomId": "9092b337-0849-46e2-9245-e5f30fdb01c2",
    "classId": 10,
    "hostId": 27,
    "title": "Buổi học - 9/1/2026"
  }
[2026-01-09T10:49:05.030Z] [LOG] [live-sessions] [LiveSessionsModule] Session created
  Data: {
    "sessionId": 58,
    "roomId": "4e702b03-2c3e-4a4c-9fc9-6cb62f4ddd8e",
    "classId": 10,
    "hostId": 27,
    "title": "Buổi học - 9/1/2026"
  }
[2026-01-09T10:50:12.040Z] [LOG] [whiteboard] [WhiteboardModule] Whiteboard state loaded
  Data: {
    "roomId": "session-53",
    "strokeCount": 0,
    "userId": 26
  }
[2026-01-09T10:50:12.051Z] [LOG] [whiteboard] [WhiteboardModule] User joined whiteboard room
  Data: {
    "roomId": "session-53",
    "userId": 26
  }
[2026-01-09T10:50:24.376Z] [LOG] [whiteboard] [WhiteboardModule] Whiteboard state loaded
  Data: {
    "roomId": "session-53",
    "strokeCount": 0,
    "userId": 27
  }
[2026-01-09T10:50:24.386Z] [LOG] [whiteboard] [WhiteboardModule] User joined whiteboard room
  Data: {
    "roomId": "session-53",
    "userId": 27
  }
[2026-01-09T10:50:32.194Z] [LOG] [whiteboard] [WhiteboardModule] startStroke
  Data: {
    "strokeId": "irvco50uyaemk6r96rk",
    "roomId": "session-53",
    "userId": 27,
    "tool": "pen"
  }
[2026-01-09T10:50:32.474Z] [LOG] [whiteboard] [WhiteboardModule] Stroke saved
  Data: {
    "strokeId": "irvco50uyaemk6r96rk",
    "points": 28
  }
[2026-01-09T10:50:32.536Z] [LOG] [whiteboard] [WhiteboardModule] startStroke
  Data: {
    "strokeId": "5u2eelpjqu2mk6r9713",
    "roomId": "session-53",
    "userId": 27,
    "tool": "pen"
  }
[2026-01-09T10:50:32.981Z] [LOG] [whiteboard] [WhiteboardModule] Stroke saved
  Data: {
    "strokeId": "5u2eelpjqu2mk6r9713",
    "points": 39
  }
[2026-01-09T10:50:35.333Z] [LOG] [whiteboard] [WhiteboardModule] Whiteboard state loaded
  Data: {
    "roomId": "session-53",
    "strokeCount": 2,
    "userId": 26
  }
[2026-01-09T10:50:35.337Z] [LOG] [whiteboard] [WhiteboardModule] User joined whiteboard room
  Data: {
    "roomId": "session-53",
    "userId": 26
  }
[2026-01-09T10:50:40.403Z] [LOG] [whiteboard] [WhiteboardModule] startStroke
  Data: {
    "strokeId": "urwfqqjy8fqmk6r9d3m",
    "roomId": "session-53",
    "userId": 27,
    "tool": "pen"
  }
[2026-01-09T10:50:40.844Z] [LOG] [whiteboard] [WhiteboardModule] Stroke saved
  Data: {
    "strokeId": "urwfqqjy8fqmk6r9d3m",
    "points": 30
  }
[2026-01-09T10:50:41.191Z] [LOG] [whiteboard] [WhiteboardModule] startStroke
  Data: {
    "strokeId": "oyhizuuaztmk6r9dpj",
    "roomId": "session-53",
    "userId": 27,
    "tool": "pen"
  }
[2026-01-09T10:50:41.641Z] [LOG] [whiteboard] [WhiteboardModule] Stroke saved
  Data: {
    "strokeId": "oyhizuuaztmk6r9dpj",
    "points": 42
  }
[2026-01-09T10:50:41.822Z] [LOG] [whiteboard] [WhiteboardModule] startStroke
  Data: {
    "strokeId": "lgogu5lbl0emk6r9e71",
    "roomId": "session-53",
    "userId": 27,
    "tool": "pen"
  }
[2026-01-09T10:50:42.099Z] [LOG] [whiteboard] [WhiteboardModule] Stroke saved
  Data: {
    "strokeId": "lgogu5lbl0emk6r9e71",
    "points": 20
  }
[2026-01-09T10:50:42.325Z] [LOG] [whiteboard] [WhiteboardModule] startStroke
  Data: {
    "strokeId": "79xpi0jko0vmk6r9el0",
    "roomId": "session-53",
    "userId": 27,
    "tool": "pen"
  }
[2026-01-09T10:50:43.007Z] [LOG] [whiteboard] [WhiteboardModule] Stroke saved
  Data: {
    "strokeId": "79xpi0jko0vmk6r9el0",
    "points": 70
  }
[2026-01-09T10:50:43.253Z] [LOG] [whiteboard] [WhiteboardModule] startStroke
  Data: {
    "strokeId": "9fwh0xivq2omk6r9fas",
    "roomId": "session-53",
    "userId": 27,
    "tool": "pen"
  }
[2026-01-09T10:50:45.332Z] [LOG] [whiteboard] [WhiteboardModule] Stroke saved
  Data: {
    "strokeId": "9fwh0xivq2omk6r9fas",
    "points": 161
  }
[2026-01-09T10:50:45.632Z] [LOG] [whiteboard] [WhiteboardModule] startStroke
  Data: {
    "strokeId": "nv68uiyr27pmk6r9h4v",
    "roomId": "session-53",
    "userId": 27,
    "tool": "pen"
  }
[2026-01-09T10:50:46.840Z] [LOG] [whiteboard] [WhiteboardModule] Stroke saved
  Data: {
    "strokeId": "nv68uiyr27pmk6r9h4v",
    "points": 123
  }
[2026-01-09T10:50:47.347Z] [LOG] [whiteboard] [WhiteboardModule] startStroke
  Data: {
    "strokeId": "2d46eu1uiv4mk6r9igi",
    "roomId": "session-53",
    "userId": 27,
    "tool": "pen"
  }
[2026-01-09T10:50:47.652Z] [LOG] [whiteboard] [WhiteboardModule] Stroke saved
  Data: {
    "strokeId": "2d46eu1uiv4mk6r9igi",
    "points": 18
  }
[2026-01-09T10:50:57.699Z] [LOG] [whiteboard] [WhiteboardModule] Whiteboard state loaded
  Data: {
    "roomId": "session-53",
    "strokeCount": 9,
    "userId": 26
  }
[2026-01-09T10:50:57.715Z] [LOG] [whiteboard] [WhiteboardModule] User joined whiteboard room
  Data: {
    "roomId": "session-53",
    "userId": 26
  }
[2026-01-09T11:05:05.669Z] [LOG] [live-sessions] [LiveSessionsModule] endSession called
  Data: {
    "sessionId": 53,
    "teacherId": 27
  }
[2026-01-09T11:05:05.795Z] [LOG] [live-sessions] [LiveSessionsModule] Session ended successfully
  Data: {
    "sessionId": 53,
    "roomId": "050e5cfe-eace-443b-94d4-f5dca7127b83"
  }
[2026-01-09T11:05:12.676Z] [LOG] [live-sessions] [LiveSessionsModule] Session created
  Data: {
    "sessionId": 59,
    "roomId": "84d177c0-a3c0-427b-ac7a-ecd77787aa0c",
    "classId": 10,
    "hostId": 27,
    "title": "Buổi học - 9/1/2026"
  }
[2026-01-09T11:06:49.643Z] [LOG] [whiteboard] [WhiteboardModule] Whiteboard state loaded
  Data: {
    "roomId": "session-59",
    "strokeCount": 0,
    "userId": 27
  }
[2026-01-09T11:06:49.653Z] [LOG] [whiteboard] [WhiteboardModule] User joined whiteboard room
  Data: {
    "roomId": "session-59",
    "userId": 27
  }
[2026-01-09T11:06:51.217Z] [LOG] [whiteboard] [WhiteboardModule] startStroke
  Data: {
    "strokeId": "bwmxjz1pz6mk6ru66m",
    "roomId": "session-59",
    "userId": 27,
    "tool": "pen"
  }
[2026-01-09T11:06:51.631Z] [LOG] [whiteboard] [WhiteboardModule] Stroke saved
  Data: {
    "strokeId": "bwmxjz1pz6mk6ru66m",
    "points": 22
  }
[2026-01-09T11:06:52.434Z] [LOG] [whiteboard] [WhiteboardModule] startStroke
  Data: {
    "strokeId": "0esjlg9hdu3tmk6ru74i",
    "roomId": "session-59",
    "userId": 27,
    "tool": "pen"
  }
[2026-01-09T11:06:52.919Z] [LOG] [whiteboard] [WhiteboardModule] Stroke saved
  Data: {
    "strokeId": "0esjlg9hdu3tmk6ru74i",
    "points": 38
  }
[2026-01-09T11:06:55.204Z] [LOG] [whiteboard] [WhiteboardModule] startStroke
  Data: {
    "strokeId": "s7ctwdlhwiomk6ru99f",
    "roomId": "session-59",
    "userId": 27,
    "tool": "pen"
  }
[2026-01-09T11:06:55.911Z] [LOG] [whiteboard] [WhiteboardModule] Stroke saved
  Data: {
    "strokeId": "s7ctwdlhwiomk6ru99f",
    "points": 42
  }
[2026-01-09T11:06:59.200Z] [LOG] [whiteboard] [WhiteboardModule] Whiteboard state loaded
  Data: {
    "roomId": "session-59",
    "strokeCount": 3,
    "userId": 26
  }
[2026-01-09T11:06:59.224Z] [LOG] [whiteboard] [WhiteboardModule] User joined whiteboard room
  Data: {
    "roomId": "session-59",
    "userId": 26
  }
[2026-01-09T11:07:06.857Z] [LOG] [whiteboard] [WhiteboardModule] startStroke
  Data: {
    "strokeId": "vwj72ppix8emk6rui94",
    "roomId": "session-59",
    "userId": 27,
    "tool": "pen"
  }
[2026-01-09T11:07:07.244Z] [LOG] [whiteboard] [WhiteboardModule] Stroke saved
  Data: {
    "strokeId": "vwj72ppix8emk6rui94",
    "points": 25
  }
[2026-01-09T11:07:07.543Z] [LOG] [whiteboard] [WhiteboardModule] startStroke
  Data: {
    "strokeId": "xohcvgvgsamk6ruis7",
    "roomId": "session-59",
    "userId": 27,
    "tool": "pen"
  }
[2026-01-09T11:07:10.643Z] [LOG] [whiteboard] [WhiteboardModule] Stroke saved
  Data: {
    "strokeId": "xohcvgvgsamk6ruis7",
    "points": 340
  }
[2026-01-09T11:07:13.084Z] [LOG] [whiteboard] [WhiteboardModule] startStroke
  Data: {
    "strokeId": "mmijja1y1agmk6run23",
    "roomId": "session-59",
    "userId": 27,
    "tool": "pen"
  }
[2026-01-09T11:07:13.294Z] [LOG] [whiteboard] [WhiteboardModule] Stroke saved
  Data: {
    "strokeId": "mmijja1y1agmk6run23",
    "points": 14
  }
[2026-01-09T11:07:14.178Z] [LOG] [whiteboard] [WhiteboardModule] startStroke
  Data: {
    "strokeId": "dcciy9pr4htmk6runwi",
    "roomId": "session-59",
    "userId": 27,
    "tool": "pen"
  }
[2026-01-09T11:07:15.640Z] [LOG] [whiteboard] [WhiteboardModule] Stroke saved
  Data: {
    "strokeId": "dcciy9pr4htmk6runwi",
    "points": 141
  }
[2026-01-09T11:07:34.759Z] [LOG] [whiteboard] [WhiteboardModule] startStroke
  Data: {
    "strokeId": "xgopqn5a1p8mk6rv3s6",
    "roomId": "session-59",
    "userId": 27,
    "tool": "pen"
  }
[2026-01-09T11:07:35.091Z] [LOG] [whiteboard] [WhiteboardModule] Stroke saved
  Data: {
    "strokeId": "xgopqn5a1p8mk6rv3s6",
    "points": 23
  }
[2026-01-09T11:07:35.982Z] [LOG] [whiteboard] [WhiteboardModule] startStroke
  Data: {
    "strokeId": "se1bfp1c7wmk6rv4q5",
    "roomId": "session-59",
    "userId": 27,
    "tool": "pen"
  }
[2026-01-09T11:07:37.102Z] [LOG] [whiteboard] [WhiteboardModule] Stroke saved
  Data: {
    "strokeId": "se1bfp1c7wmk6rv4q5",
    "points": 114
  }
[2026-01-09T11:07:37.781Z] [LOG] [whiteboard] [WhiteboardModule] startStroke
  Data: {
    "strokeId": "fr46mvphzgtmk6rv644",
    "roomId": "session-59",
    "userId": 27,
    "tool": "pen"
  }
[2026-01-09T11:07:40.345Z] [LOG] [whiteboard] [WhiteboardModule] Stroke saved
  Data: {
    "strokeId": "fr46mvphzgtmk6rv644",
    "points": 283
  }
[2026-01-09T11:10:16.325Z] [LOG] [live-sessions] [LiveSessionsModule] endSession called
  Data: {
    "sessionId": 59,
    "teacherId": 27
  }
[2026-01-09T11:10:16.353Z] [LOG] [live-sessions] [LiveSessionsModule] Session ended successfully
  Data: {
    "sessionId": 59,
    "roomId": "84d177c0-a3c0-427b-ac7a-ecd77787aa0c"
  }
[2026-01-09T11:16:15.076Z] [LOG] [live-sessions] [LiveSessionsModule] endSession called
  Data: {
    "sessionId": 48,
    "teacherId": 27
  }
[2026-01-09T11:16:15.111Z] [LOG] [live-sessions] [LiveSessionsModule] Session ended successfully
  Data: {
    "sessionId": 48,
    "roomId": "86df4747-2575-43f0-a068-904be470c48f"
  }
[2026-01-09T11:16:32.984Z] [LOG] [live-sessions] [LiveSessionsModule] Session created
  Data: {
    "sessionId": 60,
    "roomId": "9d6b5407-f09b-4159-8e3c-63e4e78f25ad",
    "classId": 10,
    "hostId": 27,
    "title": "Buổi học - 9/1/2026"
  }
[2026-01-09T11:18:06.599Z] [LOG] [whiteboard] [WhiteboardModule] Whiteboard state loaded
  Data: {
    "roomId": "session-60",
    "strokeCount": 0,
    "userId": 27
  }
[2026-01-09T11:18:06.604Z] [LOG] [whiteboard] [WhiteboardModule] User joined whiteboard room
  Data: {
    "roomId": "session-60",
    "userId": 27
  }
[2026-01-09T11:18:14.618Z] [LOG] [whiteboard] [WhiteboardModule] Whiteboard state loaded
  Data: {
    "roomId": "session-60",
    "strokeCount": 0,
    "userId": 26
  }
[2026-01-09T11:18:14.625Z] [LOG] [whiteboard] [WhiteboardModule] User joined whiteboard room
  Data: {
    "roomId": "session-60",
    "userId": 26
  }
[2026-01-09T11:18:15.199Z] [LOG] [whiteboard] [WhiteboardModule] startStroke
  Data: {
    "strokeId": "te5tgc85clmk6s8ty6",
    "roomId": "session-60",
    "userId": 27,
    "tool": "pen"
  }
[2026-01-09T11:18:15.737Z] [LOG] [whiteboard] [WhiteboardModule] Stroke saved
  Data: {
    "strokeId": "te5tgc85clmk6s8ty6",
    "points": 59
  }
[2026-01-09T11:18:16.163Z] [LOG] [whiteboard] [WhiteboardModule] startStroke
  Data: {
    "strokeId": "ntgj8jkxygmk6s8uoy",
    "roomId": "session-60",
    "userId": 27,
    "tool": "pen"
  }
[2026-01-09T11:18:16.773Z] [LOG] [whiteboard] [WhiteboardModule] Stroke saved
  Data: {
    "strokeId": "ntgj8jkxygmk6s8uoy",
    "points": 72
  }
[2026-01-09T11:24:18.797Z] [LOG] [live-sessions] [LiveSessionsModule] endSession called
  Data: {
    "sessionId": 37,
    "teacherId": 27
  }
[2026-01-09T11:24:18.852Z] [LOG] [live-sessions] [LiveSessionsModule] Session ended successfully
  Data: {
    "sessionId": 37,
    "roomId": "d37cbded-d0a7-4f03-b6f2-805c3eafe1ad"
  }
[2026-01-09T11:24:20.859Z] [LOG] [live-sessions] [LiveSessionsModule] endSession called
  Data: {
    "sessionId": 60,
    "teacherId": 27
  }
[2026-01-09T11:24:20.892Z] [LOG] [live-sessions] [LiveSessionsModule] Session ended successfully
  Data: {
    "sessionId": 60,
    "roomId": "9d6b5407-f09b-4159-8e3c-63e4e78f25ad"
  }
[2026-01-09T12:13:43.525Z] [LOG] [live-sessions] [LiveSessionsModule] Session created
  Data: {
    "sessionId": 61,
    "roomId": "0afd0814-87a4-449e-a1ba-a950ca37c87d",
    "classId": 10,
    "hostId": 27,
    "title": "Buổi học - 9/1/2026"
  }
[2026-01-09T12:21:32.780Z] [LOG] [live-sessions] [LiveSessionsModule] endSession called
  Data: {
    "sessionId": 61,
    "teacherId": 27
  }
[2026-01-09T12:21:32.813Z] [LOG] [live-sessions] [LiveSessionsModule] Session ended successfully
  Data: {
    "sessionId": 61,
    "roomId": "0afd0814-87a4-449e-a1ba-a950ca37c87d"
  }
[2026-01-09T12:21:37.055Z] [LOG] [live-sessions] [LiveSessionsModule] Session created
  Data: {
    "sessionId": 62,
    "roomId": "c46f648c-e3ba-49d8-9a51-d7e2f3451008",
    "classId": 10,
    "hostId": 27,
    "title": "Buổi học - 9/1/2026"
  }
[2026-01-09T12:31:15.953Z] [LOG] [live-sessions] [LiveSessionsModule] endSession called
  Data: {
    "sessionId": 62,
    "teacherId": 27
  }
[2026-01-09T12:31:16.002Z] [LOG] [live-sessions] [LiveSessionsModule] Session ended successfully
  Data: {
    "sessionId": 62,
    "roomId": "c46f648c-e3ba-49d8-9a51-d7e2f3451008"
  }
[2026-01-09T12:31:17.191Z] [LOG] [live-sessions] [LiveSessionsModule] Session created
  Data: {
    "sessionId": 63,
    "roomId": "25b9b757-fb52-4ee5-aeef-fbfe419fe178",
    "classId": 10,
    "hostId": 27,
    "title": "Buổi học - 9/1/2026"
  }
[2026-01-09T12:31:32.054Z] [LOG] [live-sessions] [LiveSessionsModule] Session created
  Data: {
    "sessionId": 64,
    "roomId": "97e7d211-4978-4cd4-ab80-a53cb40a4371",
    "classId": 10,
    "hostId": 27,
    "title": "Buổi học - 9/1/2026"
  }
[2026-01-09T12:31:39.119Z] [LOG] [live-sessions] [LiveSessionsModule] endSession called
  Data: {
    "sessionId": 63,
    "teacherId": 27
  }
[2026-01-09T12:31:39.149Z] [LOG] [live-sessions] [LiveSessionsModule] Session ended successfully
  Data: {
    "sessionId": 63,
    "roomId": "25b9b757-fb52-4ee5-aeef-fbfe419fe178"
  }
[2026-01-09T12:57:46.572Z] [LOG] [live-sessions] [LiveSessionsModule] Session created
  Data: {
    "sessionId": 65,
    "roomId": "45d21d30-b365-4142-a150-f1612de6a666",
    "classId": 10,
    "hostId": 27,
    "title": "Buổi học - 9/1/2026"
  }
[2026-01-09T13:40:12.223Z] [LOG] [live-sessions] [LiveSessionsModule] endSession called
  Data: {
    "sessionId": 65,
    "teacherId": 27
  }
[2026-01-09T13:40:12.315Z] [LOG] [live-sessions] [LiveSessionsModule] Session ended successfully
  Data: {
    "sessionId": 65,
    "roomId": "45d21d30-b365-4142-a150-f1612de6a666"
  }
[2026-01-09T13:45:41.303Z] [LOG] [live-sessions] [LiveSessionsModule] Session created
  Data: {
    "sessionId": 66,
    "roomId": "551618d8-268d-4a8c-ab01-2df34df22519",
    "classId": 10,
    "hostId": 27,
    "title": "Buổi học - 9/1/2026"
  }
[2026-01-09T14:11:25.998Z] [LOG] [live-sessions] [LiveSessionsModule] endSession called
  Data: {
    "sessionId": 66,
    "teacherId": 27
  }
[2026-01-09T14:11:26.069Z] [LOG] [live-sessions] [LiveSessionsModule] Session ended successfully
  Data: {
    "sessionId": 66,
    "roomId": "551618d8-268d-4a8c-ab01-2df34df22519"
  }
[2026-01-09T14:11:31.018Z] [LOG] [live-sessions] [LiveSessionsModule] Session created
  Data: {
    "sessionId": 67,
    "roomId": "2bf54e86-30f8-4b64-86c3-ab59f39f2f35",
    "classId": 10,
    "hostId": 27,
    "title": "Buổi học - 9/1/2026"
  }
[2026-01-09T14:11:58.609Z] [LOG] [live-sessions] [LiveSessionsModule] endSession called
  Data: {
    "sessionId": 67,
    "teacherId": 27
  }
[2026-01-09T14:11:58.642Z] [LOG] [live-sessions] [LiveSessionsModule] Session ended successfully
  Data: {
    "sessionId": 67,
    "roomId": "2bf54e86-30f8-4b64-86c3-ab59f39f2f35"
  }
[2026-01-09T14:12:03.721Z] [LOG] [live-sessions] [LiveSessionsModule] Session created
  Data: {
    "sessionId": 68,
    "roomId": "855f699d-4c70-4946-9430-a978ec418bb0",
    "classId": 10,
    "hostId": 27,
    "title": "Buổi học - 9/1/2026"
  }
[2026-01-09T14:19:58.361Z] [LOG] [live-sessions] [LiveSessionsModule] endSession called
  Data: {
    "sessionId": 68,
    "teacherId": 27
  }
[2026-01-09T14:19:58.431Z] [LOG] [live-sessions] [LiveSessionsModule] Session ended successfully
  Data: {
    "sessionId": 68,
    "roomId": "855f699d-4c70-4946-9430-a978ec418bb0"
  }
[2026-01-09T14:20:03.803Z] [LOG] [live-sessions] [LiveSessionsModule] Session created
  Data: {
    "sessionId": 69,
    "roomId": "670cb2a8-ea27-41f2-ac25-bbab8d1c105a",
    "classId": 10,
    "hostId": 27,
    "title": "Buổi học - 9/1/2026"
  }
[2026-01-09T14:41:31.319Z] [LOG] [live-sessions] [LiveSessionsModule] endSession called
  Data: {
    "sessionId": 69,
    "teacherId": 27
  }
[2026-01-09T14:41:31.385Z] [LOG] [live-sessions] [LiveSessionsModule] Session ended successfully
  Data: {
    "sessionId": 69,
    "roomId": "670cb2a8-ea27-41f2-ac25-bbab8d1c105a"
  }
[2026-01-09T14:41:46.811Z] [LOG] [live-sessions] [LiveSessionsModule] Session created
  Data: {
    "sessionId": 70,
    "roomId": "f388af10-a750-440a-97c5-24cee9deda57",
    "classId": 10,
    "hostId": 27,
    "title": "Buổi học - 9/1/2026"
  }
