[2026-01-08T03:02:34.978Z] [LOG] [live-sessions] [LiveSessionsModule] Session created
  Data: {
    "sessionId": 36,
    "roomId": "83f5142e-61d0-4565-af57-31344d23b25a",
    "classId": 8,
    "hostId": 27,
    "title": "tets"
  }
[2026-01-08T05:39:56.317Z] [LOG] [live-sessions] [LiveSessionsModule] endSession called
  Data: {
    "sessionId": 34,
    "teacherId": 27
  }
[2026-01-08T05:39:56.356Z] [LOG] [live-sessions] [LiveSessionsModule] Session ended successfully
  Data: {
    "sessionId": 34,
    "roomId": "ca30558c-d9a4-4991-8e00-99dc027a904e"
  }
[2026-01-08T05:41:15.866Z] [LOG] [live-sessions] [LiveSessionsModule] endSession called
  Data: {
    "sessionId": 36,
    "teacherId": 27
  }
[2026-01-08T05:41:15.896Z] [LOG] [live-sessions] [LiveSessionsModule] Session ended successfully
  Data: {
    "sessionId": 36,
    "roomId": "83f5142e-61d0-4565-af57-31344d23b25a"
  }
[2026-01-08T05:41:53.815Z] [LOG] [live-sessions] [LiveSessionsModule] Session created
  Data: {
    "sessionId": 37,
    "roomId": "d37cbded-d0a7-4f03-b6f2-805c3eafe1ad",
    "classId": 8,
    "hostId": 27,
    "title": "Test"
  }
[2026-01-08T05:44:03.194Z] [LOG] [chat] [ChatModule] Message sent
  Data: {
    "messageId": "29",
    "roomId": "37",
    "roomType": "live_session",
    "senderId": 27,
    "messageType": "text"
  }
