[2026-01-03T03:59:23.202Z] [ERROR] [live-sessions] [LiveSessionsModule] endSession failed
  Data: {
    "sessionId": 34,
    "teacherId": 9,
    "error": "Phiên học chưa bắt đầu hoặc đã kết thúc",
    "stack": "BadRequestException: Phiên học chưa bắt đầu hoặc đã kết thúc\n    at LiveSessionsService.endSession (C:\\Study\\LTM\\Nhom14-Nền tảng học trực tuyến tương tác tích hợp LMS\\backend\\dist\\main.js:5946:23)\n    at process.processTicksAndRejections (node:internal/process/task_queues:95:5)\n    at async C:\\Study\\LTM\\Nhom14-Nền tảng học trực tuyến tương tác tích hợp LMS\\backend\\node_modules\\@nestjs\\core\\router\\router-execution-context.js:46:28\n    at async C:\\Study\\LTM\\Nhom14-Nền tảng học trực tuyến tương tác tích hợp LMS\\backend\\node_modules\\@nestjs\\core\\router\\router-proxy.js:9:17"
  }
[2026-01-03T03:59:23.926Z] [ERROR] [live-sessions] [LiveSessionsModule] endSession failed
  Data: {
    "sessionId": 36,
    "teacherId": 9,
    "error": "Phiên học chưa bắt đầu hoặc đã kết thúc",
    "stack": "BadRequestException: Phiên học chưa bắt đầu hoặc đã kết thúc\n    at LiveSessionsService.endSession (C:\\Study\\LTM\\Nhom14-Nền tảng học trực tuyến tương tác tích hợp LMS\\backend\\dist\\main.js:5946:23)\n    at process.processTicksAndRejections (node:internal/process/task_queues:95:5)\n    at async C:\\Study\\LTM\\Nhom14-Nền tảng học trực tuyến tương tác tích hợp LMS\\backend\\node_modules\\@nestjs\\core\\router\\router-execution-context.js:46:28\n    at async C:\\Study\\LTM\\Nhom14-Nền tảng học trực tuyến tương tác tích hợp LMS\\backend\\node_modules\\@nestjs\\core\\router\\router-proxy.js:9:17"
  }
[2026-01-03T03:59:24.368Z] [ERROR] [live-sessions] [LiveSessionsModule] endSession failed
  Data: {
    "sessionId": 37,
    "teacherId": 9,
    "error": "Phiên học chưa bắt đầu hoặc đã kết thúc",
    "stack": "BadRequestException: Phiên học chưa bắt đầu hoặc đã kết thúc\n    at LiveSessionsService.endSession (C:\\Study\\LTM\\Nhom14-Nền tảng học trực tuyến tương tác tích hợp LMS\\backend\\dist\\main.js:5946:23)\n    at process.processTicksAndRejections (node:internal/process/task_queues:95:5)\n    at async C:\\Study\\LTM\\Nhom14-Nền tảng học trực tuyến tương tác tích hợp LMS\\backend\\node_modules\\@nestjs\\core\\router\\router-execution-context.js:46:28\n    at async C:\\Study\\LTM\\Nhom14-Nền tảng học trực tuyến tương tác tích hợp LMS\\backend\\node_modules\\@nestjs\\core\\router\\router-proxy.js:9:17"
  }
