[2026-01-10T05:35:40.238Z] [LOG] [whiteboard] [WhiteboardModule] Whiteboard state loaded
  Data: {
    "roomId": "session-73",
    "strokeCount": 0,
    "userId": 26
  }
[2026-01-10T05:35:40.246Z] [LOG] [whiteboard] [WhiteboardModule] User joined whiteboard room
  Data: {
    "roomId": "session-73",
    "userId": 26
  }
[2026-01-10T05:35:41.843Z] [LOG] [whiteboard] [WhiteboardModule] Whiteboard state loaded
  Data: {
    "roomId": "session-73",
    "strokeCount": 0,
    "userId": 27
  }
[2026-01-10T05:35:41.849Z] [LOG] [whiteboard] [WhiteboardModule] User joined whiteboard room
  Data: {
    "roomId": "session-73",
    "userId": 27
  }
[2026-01-10T05:35:42.586Z] [LOG] [whiteboard] [WhiteboardModule] startStroke
  Data: {
    "strokeId": "vx95xthzm9mk7vg647",
    "roomId": "session-73",
    "userId": 26,
    "tool": "pen"
  }
[2026-01-10T05:35:46.139Z] [LOG] [whiteboard] [WhiteboardModule] Stroke saved
  Data: {
    "strokeId": "vx95xthzm9mk7vg647",
    "points": 403
  }
[2026-01-10T05:35:50.022Z] [LOG] [whiteboard] [WhiteboardModule] startStroke
  Data: {
    "strokeId": "olm9pfb61cmk7vgbus",
    "roomId": "session-73",
    "userId": 26,
    "tool": "pen"
  }
[2026-01-10T05:35:50.479Z] [LOG] [whiteboard] [WhiteboardModule] Stroke saved
  Data: {
    "strokeId": "olm9pfb61cmk7vgbus",
    "points": 27
  }
[2026-01-10T05:35:50.846Z] [LOG] [whiteboard] [WhiteboardModule] startStroke
  Data: {
    "strokeId": "p0erjvjx8rjmk7vgchp",
    "roomId": "session-73",
    "userId": 26,
    "tool": "pen"
  }
[2026-01-10T05:35:51.279Z] [LOG] [whiteboard] [WhiteboardModule] Stroke saved
  Data: {
    "strokeId": "p0erjvjx8rjmk7vgchp",
    "points": 29
  }
[2026-01-10T05:35:51.845Z] [LOG] [whiteboard] [WhiteboardModule] startStroke
  Data: {
    "strokeId": "hhlx70n8m6fmk7vgd9f",
    "roomId": "session-73",
    "userId": 26,
    "tool": "pen"
  }
[2026-01-10T05:35:52.397Z] [LOG] [whiteboard] [WhiteboardModule] Stroke saved
  Data: {
    "strokeId": "hhlx70n8m6fmk7vgd9f",
    "points": 28
  }
[2026-01-10T05:35:52.580Z] [LOG] [whiteboard] [WhiteboardModule] startStroke
  Data: {
    "strokeId": "qhd8947ek0cmk7vgdtu",
    "roomId": "session-73",
    "userId": 26,
    "tool": "pen"
  }
[2026-01-10T05:35:55.039Z] [LOG] [whiteboard] [WhiteboardModule] Stroke saved
  Data: {
    "strokeId": "qhd8947ek0cmk7vgdtu",
    "points": 162
  }
[2026-01-10T05:35:55.617Z] [LOG] [whiteboard] [WhiteboardModule] startStroke
  Data: {
    "strokeId": "s4hy054bo8mmk7vgg67",
    "roomId": "session-73",
    "userId": 26,
    "tool": "pen"
  }
[2026-01-10T05:35:55.976Z] [LOG] [whiteboard] [WhiteboardModule] Stroke saved
  Data: {
    "strokeId": "s4hy054bo8mmk7vgg67",
    "points": 21
  }
[2026-01-10T05:35:56.329Z] [LOG] [whiteboard] [WhiteboardModule] startStroke
  Data: {
    "strokeId": "wmrob3ezjpmk7vggq0",
    "roomId": "session-73",
    "userId": 26,
    "tool": "pen"
  }
[2026-01-10T05:35:56.713Z] [LOG] [whiteboard] [WhiteboardModule] Stroke saved
  Data: {
    "strokeId": "wmrob3ezjpmk7vggq0",
    "points": 23
  }
[2026-01-10T05:35:57.034Z] [LOG] [whiteboard] [WhiteboardModule] startStroke
  Data: {
    "strokeId": "axxa3559v9mmk7vgh9l",
    "roomId": "session-73",
    "userId": 26,
    "tool": "pen"
  }
[2026-01-10T05:35:57.632Z] [LOG] [whiteboard] [WhiteboardModule] Stroke saved
  Data: {
    "strokeId": "axxa3559v9mmk7vgh9l",
    "points": 25
  }
[2026-01-10T05:35:57.963Z] [LOG] [whiteboard] [WhiteboardModule] startStroke
  Data: {
    "strokeId": "x3vuo8l25kmmk7vghze",
    "roomId": "session-73",
    "userId": 26,
    "tool": "pen"
  }
[2026-01-10T05:35:59.032Z] [LOG] [whiteboard] [WhiteboardModule] Stroke saved
  Data: {
    "strokeId": "x3vuo8l25kmmk7vghze",
    "points": 48
  }
[2026-01-10T05:35:59.321Z] [LOG] [whiteboard] [WhiteboardModule] startStroke
  Data: {
    "strokeId": "bjhnq47r3z5mk7vgj14",
    "roomId": "session-73",
    "userId": 26,
    "tool": "pen"
  }
[2026-01-10T05:36:01.453Z] [LOG] [whiteboard] [WhiteboardModule] Stroke saved
  Data: {
    "strokeId": "bjhnq47r3z5mk7vgj14",
    "points": 118
  }
[2026-01-10T05:36:01.730Z] [LOG] [whiteboard] [WhiteboardModule] startStroke
  Data: {
    "strokeId": "j0wx09jxogmk7vgkw0",
    "roomId": "session-73",
    "userId": 26,
    "tool": "pen"
  }
[2026-01-10T05:36:03.040Z] [LOG] [whiteboard] [WhiteboardModule] Stroke saved
  Data: {
    "strokeId": "j0wx09jxogmk7vgkw0",
    "points": 89
  }
[2026-01-10T05:36:03.596Z] [LOG] [whiteboard] [WhiteboardModule] startStroke
  Data: {
    "strokeId": "2l7peqdmszfmk7vgmbv",
    "roomId": "session-73",
    "userId": 26,
    "tool": "pen"
  }
[2026-01-10T05:36:03.880Z] [LOG] [whiteboard] [WhiteboardModule] Stroke saved
  Data: {
    "strokeId": "2l7peqdmszfmk7vgmbv",
    "points": 11
  }
[2026-01-10T05:36:18.904Z] [LOG] [whiteboard] [WhiteboardModule] startStroke
  Data: {
    "strokeId": "qrf1j45vjylmk7vgy53",
    "roomId": "session-73",
    "userId": 26,
    "tool": "pen"
  }
[2026-01-10T05:36:20.576Z] [LOG] [whiteboard] [WhiteboardModule] Stroke saved
  Data: {
    "strokeId": "qrf1j45vjylmk7vgy53",
    "points": 152
  }
[2026-01-10T05:36:22.578Z] [LOG] [whiteboard] [WhiteboardModule] startStroke
  Data: {
    "strokeId": "jhvsyua07y8mk7vh0z5",
    "roomId": "session-73",
    "userId": 26,
    "tool": "pen"
  }
[2026-01-10T05:36:23.719Z] [LOG] [whiteboard] [WhiteboardModule] Stroke saved
  Data: {
    "strokeId": "jhvsyua07y8mk7vh0z5",
    "points": 110
  }
