[2026-01-09T09:54:45.197Z] [LOG] [whiteboard] [WhiteboardModule] Whiteboard state loaded
  Data: {
    "roomId": "session-42",
    "strokeCount": 0,
    "userId": 27
  }
[2026-01-09T09:54:45.203Z] [LOG] [whiteboard] [WhiteboardModule] User joined whiteboard room
  Data: {
    "roomId": "session-42",
    "userId": 27
  }
[2026-01-09T09:54:45.889Z] [LOG] [whiteboard] [WhiteboardModule] startStroke
  Data: {
    "strokeId": "fkic2s774kmk6p9gqn",
    "roomId": "session-42",
    "userId": 27,
    "tool": "pen"
  }
[2026-01-09T09:54:46.712Z] [LOG] [whiteboard] [WhiteboardModule] Stroke saved
  Data: {
    "strokeId": "fkic2s774kmk6p9gqn",
    "points": 95
  }
[2026-01-09T09:59:46.230Z] [LOG] [whiteboard] [WhiteboardModule] Whiteboard state loaded
  Data: {
    "roomId": "session-48",
    "strokeCount": 0,
    "userId": 27
  }
[2026-01-09T09:59:46.236Z] [LOG] [whiteboard] [WhiteboardModule] User joined whiteboard room
  Data: {
    "roomId": "session-48",
    "userId": 27
  }
[2026-01-09T10:37:29.813Z] [LOG] [whiteboard] [WhiteboardModule] Whiteboard state loaded
  Data: {
    "roomId": "session-53",
    "strokeCount": 0,
    "userId": 26
  }
[2026-01-09T10:37:29.828Z] [LOG] [whiteboard] [WhiteboardModule] User joined whiteboard room
  Data: {
    "roomId": "session-53",
    "userId": 26
  }
[2026-01-09T10:50:12.040Z] [LOG] [whiteboard] [WhiteboardModule] Whiteboard state loaded
  Data: {
    "roomId": "session-53",
    "strokeCount": 0,
    "userId": 26
  }
[2026-01-09T10:50:12.051Z] [LOG] [whiteboard] [WhiteboardModule] User joined whiteboard room
  Data: {
    "roomId": "session-53",
    "userId": 26
  }
[2026-01-09T10:50:24.376Z] [LOG] [whiteboard] [WhiteboardModule] Whiteboard state loaded
  Data: {
    "roomId": "session-53",
    "strokeCount": 0,
    "userId": 27
  }
[2026-01-09T10:50:24.386Z] [LOG] [whiteboard] [WhiteboardModule] User joined whiteboard room
  Data: {
    "roomId": "session-53",
    "userId": 27
  }
[2026-01-09T10:50:32.194Z] [LOG] [whiteboard] [WhiteboardModule] startStroke
  Data: {
    "strokeId": "irvco50uyaemk6r96rk",
    "roomId": "session-53",
    "userId": 27,
    "tool": "pen"
  }
[2026-01-09T10:50:32.474Z] [LOG] [whiteboard] [WhiteboardModule] Stroke saved
  Data: {
    "strokeId": "irvco50uyaemk6r96rk",
    "points": 28
  }
[2026-01-09T10:50:32.536Z] [LOG] [whiteboard] [WhiteboardModule] startStroke
  Data: {
    "strokeId": "5u2eelpjqu2mk6r9713",
    "roomId": "session-53",
    "userId": 27,
    "tool": "pen"
  }
[2026-01-09T10:50:32.981Z] [LOG] [whiteboard] [WhiteboardModule] Stroke saved
  Data: {
    "strokeId": "5u2eelpjqu2mk6r9713",
    "points": 39
  }
[2026-01-09T10:50:35.333Z] [LOG] [whiteboard] [WhiteboardModule] Whiteboard state loaded
  Data: {
    "roomId": "session-53",
    "strokeCount": 2,
    "userId": 26
  }
[2026-01-09T10:50:35.337Z] [LOG] [whiteboard] [WhiteboardModule] User joined whiteboard room
  Data: {
    "roomId": "session-53",
    "userId": 26
  }
[2026-01-09T10:50:40.403Z] [LOG] [whiteboard] [WhiteboardModule] startStroke
  Data: {
    "strokeId": "urwfqqjy8fqmk6r9d3m",
    "roomId": "session-53",
    "userId": 27,
    "tool": "pen"
  }
[2026-01-09T10:50:40.844Z] [LOG] [whiteboard] [WhiteboardModule] Stroke saved
  Data: {
    "strokeId": "urwfqqjy8fqmk6r9d3m",
    "points": 30
  }
[2026-01-09T10:50:41.191Z] [LOG] [whiteboard] [WhiteboardModule] startStroke
  Data: {
    "strokeId": "oyhizuuaztmk6r9dpj",
    "roomId": "session-53",
    "userId": 27,
    "tool": "pen"
  }
[2026-01-09T10:50:41.641Z] [LOG] [whiteboard] [WhiteboardModule] Stroke saved
  Data: {
    "strokeId": "oyhizuuaztmk6r9dpj",
    "points": 42
  }
[2026-01-09T10:50:41.822Z] [LOG] [whiteboard] [WhiteboardModule] startStroke
  Data: {
    "strokeId": "lgogu5lbl0emk6r9e71",
    "roomId": "session-53",
    "userId": 27,
    "tool": "pen"
  }
[2026-01-09T10:50:42.099Z] [LOG] [whiteboard] [WhiteboardModule] Stroke saved
  Data: {
    "strokeId": "lgogu5lbl0emk6r9e71",
    "points": 20
  }
[2026-01-09T10:50:42.325Z] [LOG] [whiteboard] [WhiteboardModule] startStroke
  Data: {
    "strokeId": "79xpi0jko0vmk6r9el0",
    "roomId": "session-53",
    "userId": 27,
    "tool": "pen"
  }
[2026-01-09T10:50:43.007Z] [LOG] [whiteboard] [WhiteboardModule] Stroke saved
  Data: {
    "strokeId": "79xpi0jko0vmk6r9el0",
    "points": 70
  }
[2026-01-09T10:50:43.253Z] [LOG] [whiteboard] [WhiteboardModule] startStroke
  Data: {
    "strokeId": "9fwh0xivq2omk6r9fas",
    "roomId": "session-53",
    "userId": 27,
    "tool": "pen"
  }
[2026-01-09T10:50:45.332Z] [LOG] [whiteboard] [WhiteboardModule] Stroke saved
  Data: {
    "strokeId": "9fwh0xivq2omk6r9fas",
    "points": 161
  }
[2026-01-09T10:50:45.632Z] [LOG] [whiteboard] [WhiteboardModule] startStroke
  Data: {
    "strokeId": "nv68uiyr27pmk6r9h4v",
    "roomId": "session-53",
    "userId": 27,
    "tool": "pen"
  }
[2026-01-09T10:50:46.840Z] [LOG] [whiteboard] [WhiteboardModule] Stroke saved
  Data: {
    "strokeId": "nv68uiyr27pmk6r9h4v",
    "points": 123
  }
[2026-01-09T10:50:47.347Z] [LOG] [whiteboard] [WhiteboardModule] startStroke
  Data: {
    "strokeId": "2d46eu1uiv4mk6r9igi",
    "roomId": "session-53",
    "userId": 27,
    "tool": "pen"
  }
[2026-01-09T10:50:47.652Z] [LOG] [whiteboard] [WhiteboardModule] Stroke saved
  Data: {
    "strokeId": "2d46eu1uiv4mk6r9igi",
    "points": 18
  }
[2026-01-09T10:50:57.699Z] [LOG] [whiteboard] [WhiteboardModule] Whiteboard state loaded
  Data: {
    "roomId": "session-53",
    "strokeCount": 9,
    "userId": 26
  }
[2026-01-09T10:50:57.715Z] [LOG] [whiteboard] [WhiteboardModule] User joined whiteboard room
  Data: {
    "roomId": "session-53",
    "userId": 26
  }
[2026-01-09T11:06:49.643Z] [LOG] [whiteboard] [WhiteboardModule] Whiteboard state loaded
  Data: {
    "roomId": "session-59",
    "strokeCount": 0,
    "userId": 27
  }
[2026-01-09T11:06:49.653Z] [LOG] [whiteboard] [WhiteboardModule] User joined whiteboard room
  Data: {
    "roomId": "session-59",
    "userId": 27
  }
[2026-01-09T11:06:51.217Z] [LOG] [whiteboard] [WhiteboardModule] startStroke
  Data: {
    "strokeId": "bwmxjz1pz6mk6ru66m",
    "roomId": "session-59",
    "userId": 27,
    "tool": "pen"
  }
[2026-01-09T11:06:51.631Z] [LOG] [whiteboard] [WhiteboardModule] Stroke saved
  Data: {
    "strokeId": "bwmxjz1pz6mk6ru66m",
    "points": 22
  }
[2026-01-09T11:06:52.434Z] [LOG] [whiteboard] [WhiteboardModule] startStroke
  Data: {
    "strokeId": "0esjlg9hdu3tmk6ru74i",
    "roomId": "session-59",
    "userId": 27,
    "tool": "pen"
  }
[2026-01-09T11:06:52.919Z] [LOG] [whiteboard] [WhiteboardModule] Stroke saved
  Data: {
    "strokeId": "0esjlg9hdu3tmk6ru74i",
    "points": 38
  }
[2026-01-09T11:06:55.204Z] [LOG] [whiteboard] [WhiteboardModule] startStroke
  Data: {
    "strokeId": "s7ctwdlhwiomk6ru99f",
    "roomId": "session-59",
    "userId": 27,
    "tool": "pen"
  }
[2026-01-09T11:06:55.911Z] [LOG] [whiteboard] [WhiteboardModule] Stroke saved
  Data: {
    "strokeId": "s7ctwdlhwiomk6ru99f",
    "points": 42
  }
[2026-01-09T11:06:59.200Z] [LOG] [whiteboard] [WhiteboardModule] Whiteboard state loaded
  Data: {
    "roomId": "session-59",
    "strokeCount": 3,
    "userId": 26
  }
[2026-01-09T11:06:59.224Z] [LOG] [whiteboard] [WhiteboardModule] User joined whiteboard room
  Data: {
    "roomId": "session-59",
    "userId": 26
  }
[2026-01-09T11:07:06.857Z] [LOG] [whiteboard] [WhiteboardModule] startStroke
  Data: {
    "strokeId": "vwj72ppix8emk6rui94",
    "roomId": "session-59",
    "userId": 27,
    "tool": "pen"
  }
[2026-01-09T11:07:07.244Z] [LOG] [whiteboard] [WhiteboardModule] Stroke saved
  Data: {
    "strokeId": "vwj72ppix8emk6rui94",
    "points": 25
  }
[2026-01-09T11:07:07.543Z] [LOG] [whiteboard] [WhiteboardModule] startStroke
  Data: {
    "strokeId": "xohcvgvgsamk6ruis7",
    "roomId": "session-59",
    "userId": 27,
    "tool": "pen"
  }
[2026-01-09T11:07:10.643Z] [LOG] [whiteboard] [WhiteboardModule] Stroke saved
  Data: {
    "strokeId": "xohcvgvgsamk6ruis7",
    "points": 340
  }
[2026-01-09T11:07:13.084Z] [LOG] [whiteboard] [WhiteboardModule] startStroke
  Data: {
    "strokeId": "mmijja1y1agmk6run23",
    "roomId": "session-59",
    "userId": 27,
    "tool": "pen"
  }
[2026-01-09T11:07:13.294Z] [LOG] [whiteboard] [WhiteboardModule] Stroke saved
  Data: {
    "strokeId": "mmijja1y1agmk6run23",
    "points": 14
  }
[2026-01-09T11:07:14.178Z] [LOG] [whiteboard] [WhiteboardModule] startStroke
  Data: {
    "strokeId": "dcciy9pr4htmk6runwi",
    "roomId": "session-59",
    "userId": 27,
    "tool": "pen"
  }
[2026-01-09T11:07:15.640Z] [LOG] [whiteboard] [WhiteboardModule] Stroke saved
  Data: {
    "strokeId": "dcciy9pr4htmk6runwi",
    "points": 141
  }
[2026-01-09T11:07:34.759Z] [LOG] [whiteboard] [WhiteboardModule] startStroke
  Data: {
    "strokeId": "xgopqn5a1p8mk6rv3s6",
    "roomId": "session-59",
    "userId": 27,
    "tool": "pen"
  }
[2026-01-09T11:07:35.091Z] [LOG] [whiteboard] [WhiteboardModule] Stroke saved
  Data: {
    "strokeId": "xgopqn5a1p8mk6rv3s6",
    "points": 23
  }
[2026-01-09T11:07:35.982Z] [LOG] [whiteboard] [WhiteboardModule] startStroke
  Data: {
    "strokeId": "se1bfp1c7wmk6rv4q5",
    "roomId": "session-59",
    "userId": 27,
    "tool": "pen"
  }
[2026-01-09T11:07:37.102Z] [LOG] [whiteboard] [WhiteboardModule] Stroke saved
  Data: {
    "strokeId": "se1bfp1c7wmk6rv4q5",
    "points": 114
  }
[2026-01-09T11:07:37.781Z] [LOG] [whiteboard] [WhiteboardModule] startStroke
  Data: {
    "strokeId": "fr46mvphzgtmk6rv644",
    "roomId": "session-59",
    "userId": 27,
    "tool": "pen"
  }
[2026-01-09T11:07:40.345Z] [LOG] [whiteboard] [WhiteboardModule] Stroke saved
  Data: {
    "strokeId": "fr46mvphzgtmk6rv644",
    "points": 283
  }
[2026-01-09T11:18:06.599Z] [LOG] [whiteboard] [WhiteboardModule] Whiteboard state loaded
  Data: {
    "roomId": "session-60",
    "strokeCount": 0,
    "userId": 27
  }
[2026-01-09T11:18:06.604Z] [LOG] [whiteboard] [WhiteboardModule] User joined whiteboard room
  Data: {
    "roomId": "session-60",
    "userId": 27
  }
[2026-01-09T11:18:14.618Z] [LOG] [whiteboard] [WhiteboardModule] Whiteboard state loaded
  Data: {
    "roomId": "session-60",
    "strokeCount": 0,
    "userId": 26
  }
[2026-01-09T11:18:14.625Z] [LOG] [whiteboard] [WhiteboardModule] User joined whiteboard room
  Data: {
    "roomId": "session-60",
    "userId": 26
  }
[2026-01-09T11:18:15.199Z] [LOG] [whiteboard] [WhiteboardModule] startStroke
  Data: {
    "strokeId": "te5tgc85clmk6s8ty6",
    "roomId": "session-60",
    "userId": 27,
    "tool": "pen"
  }
[2026-01-09T11:18:15.737Z] [LOG] [whiteboard] [WhiteboardModule] Stroke saved
  Data: {
    "strokeId": "te5tgc85clmk6s8ty6",
    "points": 59
  }
[2026-01-09T11:18:16.163Z] [LOG] [whiteboard] [WhiteboardModule] startStroke
  Data: {
    "strokeId": "ntgj8jkxygmk6s8uoy",
    "roomId": "session-60",
    "userId": 27,
    "tool": "pen"
  }
[2026-01-09T11:18:16.773Z] [LOG] [whiteboard] [WhiteboardModule] Stroke saved
  Data: {
    "strokeId": "ntgj8jkxygmk6s8uoy",
    "points": 72
  }
