[2026-01-31T05:36:28.756Z] [LOG] [whiteboard] [WhiteboardModule] Whiteboard state loaded
  Data: {
    "roomId": "session-41",
    "strokeCount": 0,
    "userId": 27
  }
[2026-01-31T05:36:28.767Z] [LOG] [whiteboard] [WhiteboardModule] User joined whiteboard room
  Data: {
    "roomId": "session-41",
    "userId": 27
  }
[2026-01-31T05:36:30.015Z] [LOG] [whiteboard] [WhiteboardModule] startStroke
  Data: {
    "strokeId": "gu1z6hr4obml1vq2pp",
    "roomId": "session-41",
    "userId": 27,
    "tool": "pen"
  }
[2026-01-31T05:36:30.959Z] [LOG] [whiteboard] [WhiteboardModule] Stroke saved
  Data: {
    "strokeId": "gu1z6hr4obml1vq2pp",
    "points": 57
  }
[2026-01-31T05:36:31.411Z] [LOG] [whiteboard] [WhiteboardModule] startStroke
  Data: {
    "strokeId": "k8yq2tpipkml1vq3si",
    "roomId": "session-41",
    "userId": 27,
    "tool": "pen"
  }
[2026-01-31T05:36:32.109Z] [LOG] [whiteboard] [WhiteboardModule] Stroke saved
  Data: {
    "strokeId": "k8yq2tpipkml1vq3si",
    "points": 34
  }
[2026-01-31T05:36:32.498Z] [LOG] [whiteboard] [WhiteboardModule] startStroke
  Data: {
    "strokeId": "if2t4qlv1fml1vq4mp",
    "roomId": "session-41",
    "userId": 27,
    "tool": "pen"
  }
[2026-01-31T05:36:35.525Z] [LOG] [whiteboard] [WhiteboardModule] Stroke saved
  Data: {
    "strokeId": "if2t4qlv1fml1vq4mp",
    "points": 215
  }
[2026-01-31T05:36:37.945Z] [LOG] [whiteboard] [WhiteboardModule] startStroke
  Data: {
    "strokeId": "jd9ahbgdojjml1vq8ty",
    "roomId": "session-41",
    "userId": 27,
    "tool": "pen"
  }
[2026-01-31T05:36:38.550Z] [LOG] [whiteboard] [WhiteboardModule] Stroke saved
  Data: {
    "strokeId": "jd9ahbgdojjml1vq8ty",
    "points": 40
  }
[2026-01-31T05:36:38.919Z] [LOG] [whiteboard] [WhiteboardModule] startStroke
  Data: {
    "strokeId": "7py2f3hr40wml1vq9l1",
    "roomId": "session-41",
    "userId": 27,
    "tool": "pen"
  }
[2026-01-31T05:36:39.211Z] [LOG] [whiteboard] [WhiteboardModule] Stroke saved
  Data: {
    "strokeId": "7py2f3hr40wml1vq9l1",
    "points": 11
  }
[2026-01-31T05:36:39.856Z] [LOG] [whiteboard] [WhiteboardModule] startStroke
  Data: {
    "strokeId": "8mixlbgu7qdml1vqab2",
    "roomId": "session-41",
    "userId": 27,
    "tool": "pen"
  }
[2026-01-31T05:36:40.372Z] [LOG] [whiteboard] [WhiteboardModule] Stroke saved
  Data: {
    "strokeId": "8mixlbgu7qdml1vqab2",
    "points": 47
  }
[2026-01-31T05:36:40.710Z] [LOG] [whiteboard] [WhiteboardModule] startStroke
  Data: {
    "strokeId": "cximse5iwhiml1vqays",
    "roomId": "session-41",
    "userId": 27,
    "tool": "pen"
  }
[2026-01-31T05:36:41.116Z] [LOG] [whiteboard] [WhiteboardModule] Stroke saved
  Data: {
    "strokeId": "cximse5iwhiml1vqays",
    "points": 25
  }
[2026-01-31T05:36:41.468Z] [LOG] [whiteboard] [WhiteboardModule] startStroke
  Data: {
    "strokeId": "5kfzu6627ml1vqbju",
    "roomId": "session-41",
    "userId": 27,
    "tool": "pen"
  }
[2026-01-31T05:36:41.833Z] [LOG] [whiteboard] [WhiteboardModule] Stroke saved
  Data: {
    "strokeId": "5kfzu6627ml1vqbju",
    "points": 17
  }
[2026-01-31T05:36:42.315Z] [LOG] [whiteboard] [WhiteboardModule] startStroke
  Data: {
    "strokeId": "59rknjpzdotml1vqc7e",
    "roomId": "session-41",
    "userId": 27,
    "tool": "pen"
  }
[2026-01-31T05:36:44.281Z] [LOG] [whiteboard] [WhiteboardModule] Stroke saved
  Data: {
    "strokeId": "59rknjpzdotml1vqc7e",
    "points": 164
  }
[2026-01-31T05:36:44.558Z] [LOG] [whiteboard] [WhiteboardModule] startStroke
  Data: {
    "strokeId": "vr8yxocvpbml1vqdxo",
    "roomId": "session-41",
    "userId": 27,
    "tool": "pen"
  }
[2026-01-31T05:36:44.680Z] [LOG] [whiteboard] [WhiteboardModule] Stroke saved
  Data: {
    "strokeId": "vr8yxocvpbml1vqdxo",
    "points": 1
  }
[2026-01-31T05:36:45.457Z] [LOG] [whiteboard] [WhiteboardModule] startStroke
  Data: {
    "strokeId": "kpe2jh9vzhsml1vqemo",
    "roomId": "session-41",
    "userId": 27,
    "tool": "pen"
  }
[2026-01-31T05:36:45.992Z] [LOG] [whiteboard] [WhiteboardModule] Stroke saved
  Data: {
    "strokeId": "kpe2jh9vzhsml1vqemo",
    "points": 16
  }
[2026-01-31T05:36:46.559Z] [LOG] [whiteboard] [WhiteboardModule] startStroke
  Data: {
    "strokeId": "aahsgf980oml1vqfha",
    "roomId": "session-41",
    "userId": 27,
    "tool": "pen"
  }
[2026-01-31T05:36:46.852Z] [LOG] [whiteboard] [WhiteboardModule] Stroke saved
  Data: {
    "strokeId": "aahsgf980oml1vqfha",
    "points": 14
  }
[2026-01-31T05:36:47.108Z] [LOG] [whiteboard] [WhiteboardModule] startStroke
  Data: {
    "strokeId": "fkggldnv535ml1vqfwj",
    "roomId": "session-41",
    "userId": 27,
    "tool": "pen"
  }
[2026-01-31T05:36:47.382Z] [LOG] [whiteboard] [WhiteboardModule] Stroke saved
  Data: {
    "strokeId": "fkggldnv535ml1vqfwj",
    "points": 15
  }
[2026-01-31T05:36:47.656Z] [LOG] [whiteboard] [WhiteboardModule] startStroke
  Data: {
    "strokeId": "82k7k0ylyc7ml1vqgbq",
    "roomId": "session-41",
    "userId": 27,
    "tool": "pen"
  }
[2026-01-31T05:36:48.641Z] [LOG] [whiteboard] [WhiteboardModule] Stroke saved
  Data: {
    "strokeId": "82k7k0ylyc7ml1vqgbq",
    "points": 74
  }
[2026-01-31T05:36:48.954Z] [LOG] [whiteboard] [WhiteboardModule] startStroke
  Data: {
    "strokeId": "2vearz4b5lmml1vqhbt",
    "roomId": "session-41",
    "userId": 27,
    "tool": "pen"
  }
[2026-01-31T05:36:50.153Z] [LOG] [whiteboard] [WhiteboardModule] Stroke saved
  Data: {
    "strokeId": "2vearz4b5lmml1vqhbt",
    "points": 96
  }
[2026-01-31T05:36:50.333Z] [LOG] [whiteboard] [WhiteboardModule] startStroke
  Data: {
    "strokeId": "2a9vz5ay3jhml1vqie4",
    "roomId": "session-41",
    "userId": 27,
    "tool": "pen"
  }
[2026-01-31T05:36:50.729Z] [LOG] [whiteboard] [WhiteboardModule] Stroke saved
  Data: {
    "strokeId": "2a9vz5ay3jhml1vqie4",
    "points": 35
  }
[2026-01-31T05:36:51.008Z] [LOG] [whiteboard] [WhiteboardModule] startStroke
  Data: {
    "strokeId": "mwsuh9faujqml1vqiwv",
    "roomId": "session-41",
    "userId": 27,
    "tool": "pen"
  }
[2026-01-31T05:36:51.135Z] [LOG] [whiteboard] [WhiteboardModule] Stroke saved
  Data: {
    "strokeId": "mwsuh9faujqml1vqiwv",
    "points": 1
  }
[2026-01-31T05:36:51.915Z] [LOG] [whiteboard] [WhiteboardModule] startStroke
  Data: {
    "strokeId": "dymvgdwfzapml1vqjm3",
    "roomId": "session-41",
    "userId": 27,
    "tool": "pen"
  }
[2026-01-31T05:36:52.014Z] [LOG] [whiteboard] [WhiteboardModule] Stroke saved
  Data: {
    "strokeId": "dymvgdwfzapml1vqjm3",
    "points": 1
  }
[2026-01-31T05:36:58.849Z] [LOG] [whiteboard] [WhiteboardModule] Whiteboard state loaded
  Data: {
    "roomId": "session-41",
    "strokeCount": 18,
    "userId": 27
  }
[2026-01-31T05:36:58.865Z] [LOG] [whiteboard] [WhiteboardModule] User joined whiteboard room
  Data: {
    "roomId": "session-41",
    "userId": 27
  }
[2026-01-31T05:37:03.899Z] [LOG] [whiteboard] [WhiteboardModule] startStroke
  Data: {
    "strokeId": "uhyzv3vpenlml1vqsuy",
    "roomId": "session-41",
    "userId": 27,
    "tool": "eraser"
  }
[2026-01-31T05:37:04.647Z] [LOG] [whiteboard] [WhiteboardModule] Stroke saved
  Data: {
    "strokeId": "uhyzv3vpenlml1vqsuy",
    "points": 84
  }
[2026-01-31T05:37:04.785Z] [LOG] [whiteboard] [WhiteboardModule] startStroke
  Data: {
    "strokeId": "f1g6yo0zzkjml1vqtjk",
    "roomId": "session-41",
    "userId": 27,
    "tool": "eraser"
  }
[2026-01-31T05:37:05.555Z] [LOG] [whiteboard] [WhiteboardModule] Stroke saved
  Data: {
    "strokeId": "f1g6yo0zzkjml1vqtjk",
    "points": 85
  }
[2026-01-31T06:48:42.083Z] [LOG] [whiteboard] [WhiteboardModule] Whiteboard state loaded
  Data: {
    "roomId": "session-43",
    "strokeCount": 0,
    "userId": 27
  }
[2026-01-31T06:48:42.089Z] [LOG] [whiteboard] [WhiteboardModule] User joined whiteboard room
  Data: {
    "roomId": "session-43",
    "userId": 27
  }
[2026-01-31T06:48:44.033Z] [LOG] [whiteboard] [WhiteboardModule] Whiteboard state loaded
  Data: {
    "roomId": "session-43",
    "strokeCount": 0,
    "userId": 26
  }
[2026-01-31T06:48:44.043Z] [LOG] [whiteboard] [WhiteboardModule] User joined whiteboard room
  Data: {
    "roomId": "session-43",
    "userId": 26
  }
[2026-01-31T06:48:47.636Z] [LOG] [whiteboard] [WhiteboardModule] startStroke
  Data: {
    "strokeId": "52ephw9as2vml1yb1n4",
    "roomId": "session-43",
    "userId": 27,
    "tool": "pen"
  }
[2026-01-31T06:48:48.477Z] [LOG] [whiteboard] [WhiteboardModule] Stroke saved
  Data: {
    "strokeId": "52ephw9as2vml1yb1n4",
    "points": 99
  }
