[2026-01-20T07:29:29.197Z] [LOG] [whiteboard] [WhiteboardModule] Whiteboard state loaded
  Data: {
    "roomId": "session-41",
    "strokeCount": 0,
    "userId": 26
  }
[2026-01-20T07:29:29.200Z] [LOG] [whiteboard] [WhiteboardModule] User joined whiteboard room
  Data: {
    "roomId": "session-41",
    "userId": 26
  }
[2026-01-20T07:29:30.141Z] [LOG] [whiteboard] [WhiteboardModule] startStroke
  Data: {
    "strokeId": "qmg99u8smqmkm9x0yk",
    "roomId": "session-41",
    "userId": 26,
    "tool": "pen"
  }
[2026-01-20T07:29:30.634Z] [LOG] [whiteboard] [WhiteboardModule] Stroke saved
  Data: {
    "strokeId": "qmg99u8smqmkm9x0yk",
    "points": 21
  }
[2026-01-20T07:29:36.064Z] [LOG] [whiteboard] [WhiteboardModule] startStroke
  Data: {
    "strokeId": "51aoaiekdo2mkm9x5j3",
    "roomId": "session-41",
    "userId": 26,
    "tool": "eraser"
  }
[2026-01-20T07:29:36.438Z] [LOG] [whiteboard] [WhiteboardModule] Stroke saved
  Data: {
    "strokeId": "51aoaiekdo2mkm9x5j3",
    "points": 21
  }
