[2026-01-07T11:25:51.870Z] [LOG] [chat] [ChatModule] Message sent
  Data: {
    "messageId": "23",
    "roomId": "34",
    "roomType": "live_session",
    "senderId": 26,
    "messageType": "text"
  }
[2026-01-07T12:02:36.578Z] [LOG] [chat] [ChatModule] Message sent
  Data: {
    "messageId": "24",
    "roomId": "34",
    "roomType": "live_session",
    "senderId": 27,
    "messageType": "text"
  }
[2026-01-07T12:02:43.899Z] [LOG] [chat] [ChatModule] Message sent
  Data: {
    "messageId": "25",
    "roomId": "34",
    "roomType": "live_session",
    "senderId": 26,
    "messageType": "text"
  }
[2026-01-07T12:12:23.781Z] [LOG] [chat] [ChatModule] Message sent
  Data: {
    "messageId": "26",
    "roomId": "34",
    "roomType": "live_session",
    "senderId": 27,
    "messageType": "text"
  }
[2026-01-07T12:22:50.537Z] [LOG] [chat] [ChatModule] Message sent
  Data: {
    "messageId": "27",
    "roomId": "34",
    "roomType": "live_session",
    "senderId": 27,
    "messageType": "text"
  }
[2026-01-07T12:23:10.866Z] [LOG] [chat] [ChatModule] Message sent
  Data: {
    "messageId": "28",
    "roomId": "34",
    "roomType": "live_session",
    "senderId": 26,
    "messageType": "text"
  }
